<?xml version="1.0" encoding="utf-8" standalone="no"?>
<!--This file represents the results of running a test suite-->
<test-results name="C:\dev\quick-runner\runner\bin\Debug\environment-carp\Slowlenium.dll" total="12" errors="1" failures="1" not-run="1" inconclusive="1" ignored="1" skipped="1" invalid="1" date="2014-02-24" time="09:55:21">
  <environment nunit-version="2.6.3.13283" clr-version="2.0.50727.5477" os-version="Microsoft Windows NT 6.1.7601 Service Pack 1" platform="Win32NT" cwd="C:\dev\quick-runner\runner\bin\Debug\nunit-runner" machine-name="WIN-VQVTMUF3870" user="amontoya" user-domain="THENETWORKINC" />
  <culture-info current-culture="en-US" current-uiculture="en-US" />
  <test-suite type="Assembly" name="C:\dev\quick-runner\runner\bin\Debug\environment-carp\Slowlenium.dll" executed="True" result="Success" success="True" time="109.120" asserts="0">
    <results>
      <test-suite type="Namespace" name="Slowlenium" executed="True" result="Success" success="True" time="109.114" asserts="0">
        <results>
          <test-suite type="Namespace" name="A" executed="True" result="Success" success="True" time="27.761" asserts="0">
            <results>
              <test-suite type="TestFixture" name="SlowTestA" executed="True" result="Success" success="True" time="9.736" asserts="0">
                <results>
                  <test-case name="Slowlenium.A.SlowTestA.IShouldOpenABrowserAndDoSomeStuffThatTakesAWhile" executed="True" result="Success" success="True" time="9.726" asserts="0" />
                </results>
              </test-suite>
              <test-suite type="TestFixture" name="SlowTestD" executed="True" result="Success" success="True" time="9.017" asserts="0">
                <results>
                  <test-case name="Slowlenium.A.SlowTestD.IShouldOpenABrowserAndDoSomeStuffThatTakesAWhile" executed="True" result="Success" success="True" time="9.016" asserts="0" />
                </results>
              </test-suite>
              <test-suite type="TestFixture" name="SlowTestF" executed="True" result="Success" success="True" time="9.003" asserts="0">
                <results>
                  <test-case name="Slowlenium.A.SlowTestF.IShouldOpenABrowserAndDoSomeStuffThatTakesAWhile" executed="True" result="Success" success="True" time="9.001" asserts="0" />
                </results>
              </test-suite>
            </results>
          </test-suite>
          <test-suite type="Namespace" name="B" executed="True" result="Success" success="True" time="27.226" asserts="0">
            <results>
              <test-suite type="TestFixture" name="SlowTestH" executed="True" result="Success" success="True" time="8.995" asserts="0">
                <results>
                  <test-case name="Slowlenium.B.SlowTestH.IShouldOpenABrowserAndDoSomeStuffThatTakesAWhile" executed="True" result="Success" success="True" time="8.993" asserts="0" />
                </results>
              </test-suite>
              <test-suite type="TestFixture" name="SlowTestJ" executed="True" result="Success" success="True" time="9.211" asserts="0">
                <results>
                  <test-case name="Slowlenium.B.SlowTestJ.IShouldOpenABrowserAndDoSomeStuffThatTakesAWhile" executed="True" result="Success" success="True" time="9.209" asserts="0" />
                </results>
              </test-suite>
              <test-suite type="TestFixture" name="SlowTestL" executed="True" result="Success" success="True" time="9.017" asserts="0">
                <results>
                  <test-case name="Slowlenium.B.SlowTestL.IShouldOpenABrowserAndDoSomeStuffThatTakesAWhile" executed="True" result="Success" success="True" time="9.016" asserts="0" />
                </results>
              </test-suite>
            </results>
          </test-suite>
          <test-suite type="Namespace" name="C" executed="True" result="Success" success="True" time="26.829" asserts="0">
            <results>
              <test-suite type="TestFixture" name="SlowTestN" executed="True" result="Success" success="True" time="9.016" asserts="0">
                <results>
                  <test-case name="Slowlenium.C.SlowTestN.IShouldOpenABrowserAndDoSomeStuffThatTakesAWhile" executed="True" result="Success" success="True" time="9.015" asserts="0" />
                </results>
              </test-suite>
              <test-suite type="TestFixture" name="SlowTestP" executed="True" result="Success" success="True" time="9.009" asserts="0">
                <results>
                  <test-case name="Slowlenium.C.SlowTestP.IShouldOpenABrowserAndDoSomeStuffThatTakesAWhile" executed="True" result="Success" success="True" time="9.008" asserts="0" />
                </results>
              </test-suite>
              <test-suite type="TestFixture" name="SlowTestR" executed="True" result="Success" success="True" time="8.800" asserts="0">
                <results>
                  <test-case name="Slowlenium.C.SlowTestR.IShouldOpenABrowserAndDoSomeStuffThatTakesAWhile" executed="True" result="Success" success="True" time="8.799" asserts="0" />
                </results>
              </test-suite>
            </results>
          </test-suite>
          <test-suite type="Namespace" name="D" executed="True" result="Success" success="True" time="27.293" asserts="0">
            <results>
              <test-suite type="TestFixture" name="SlowTestT" executed="True" result="Success" success="True" time="8.968" asserts="0">
                <results>
                  <test-case name="Slowlenium.D.SlowTestT.IShouldOpenABrowserAndDoSomeStuffThatTakesAWhile" executed="True" result="Success" success="True" time="8.968" asserts="0" />
                </results>
              </test-suite>
              <test-suite type="TestFixture" name="SlowTestV" executed="True" result="Success" success="True" time="9.130" asserts="0">
                <results>
                  <test-case name="Slowlenium.D.SlowTestV.IShouldOpenABrowserAndDoSomeStuffThatTakesAWhile" executed="True" result="Success" success="True" time="9.129" asserts="0" />
                </results>
              </test-suite>
              <test-suite type="TestFixture" name="SlowTestX" executed="True" result="Success" success="True" time="9.190" asserts="0">
                <results>
                  <test-case name="Slowlenium.D.SlowTestX.IShouldOpenABrowserAndDoSomeStuffThatTakesAWhile" executed="True" result="Success" success="True" time="9.183" asserts="0" />
                </results>
              </test-suite>
            </results>
          </test-suite>
        </results>
      </test-suite>
    </results>
  </test-suite>
</test-results>